[    0.000000] Initializing cgroup subsys cpuset
[    0.000000] Initializing cgroup subsys cpu
[    0.000000] Initializing cgroup subsys cpuacct
[    0.000000] Linux version 4.4.0-176-generic (buildd@lgw01-amd64-035) (gcc version 5.4.0 20160609 (Ubuntu 5.4.0-6ubuntu1~16.04.12) ) #206-Ubuntu SMP Fri Feb 28 05:02:04 UTC 2020 (Ubuntu 4.4.0-176.206-generic 4.4.211)
[    0.000000] Command line: BOOT_IMAGE=/boot/vmlinuz-4.4.0-176-generic root=LABEL=cloudimg-rootfs ro console=tty1 console=ttyS0
[    0.000000] KERNEL supported cpus:
[    0.000000]   Intel GenuineIntel
[    0.000000]   AMD AuthenticAMD
[    0.000000]   Centaur CentaurHauls
[    0.000000] x86/fpu: xstate_offset[2]:  576, xstate_sizes[2]:  256
[    0.000000] x86/fpu: Supporting XSAVE feature 0x01: 'x87 floating point registers'
[    0.000000] x86/fpu: Supporting XSAVE feature 0x02: 'SSE registers'
[    0.000000] x86/fpu: Supporting XSAVE feature 0x04: 'AVX registers'
[    0.000000] x86/fpu: Enabled xstate features 0x7, context size is 832 bytes, using 'standard' format.
[    0.000000] e820: BIOS-provided physical RAM map:
[    0.000000] BIOS-e820: [mem 0x0000000000000000-0x000000000009fbff] usable
[    0.000000] BIOS-e820: [mem 0x000000000009fc00-0x000000000009ffff] reserved
[    0.000000] BIOS-e820: [mem 0x00000000000f0000-0x00000000000fffff] reserved
[    0.000000] BIOS-e820: [mem 0x0000000000100000-0x000000003ffeffff] usable
[    0.000000] BIOS-e820: [mem 0x000000003fff0000-0x000000003fffffff] ACPI data
[    0.000000] BIOS-e820: [mem 0x00000000fec00000-0x00000000fec00fff] reserved
[    0.000000] BIOS-e820: [mem 0x00000000fee00000-0x00000000fee00fff] reserved
[    0.000000] BIOS-e820: [mem 0x00000000fffc0000-0x00000000ffffffff] reserved
[    0.000000] NX (Execute Disable) protection: active
[    0.000000] SMBIOS 2.5 present.
[    0.000000] Hypervisor detected: KVM
[    0.000000] e820: last_pfn = 0x3fff0 max_arch_pfn = 0x400000000
[    0.000000] MTRR: Disabled
[    0.000000] x86/PAT: MTRRs disabled, skipping PAT initialization too.
[    0.000000] CPU MTRRs all blank - virtualized system.
[    0.000000] x86/PAT: Configuration [0-7]: WB  WT  UC- UC  WB  WT  UC- UC  
[    0.000000] found SMP MP-table at [mem 0x0009fff0-0x0009ffff] mapped at [ffff88000009fff0]
[    0.000000] Scanning 1 areas for low memory corruption
[    0.000000] RAMDISK: [mem 0x362e2000-0x37168fff]
[    0.000000] ACPI: Early table checksum verification disabled
[    0.000000] ACPI: RSDP 0x00000000000E0000 000024 (v02 VBOX  )
[    0.000000] ACPI: XSDT 0x000000003FFF0030 00003C (v01 VBOX   VBOXXSDT 00000001 ASL  00000061)
[    0.000000] ACPI: FACP 0x000000003FFF00F0 0000F4 (v04 VBOX   VBOXFACP 00000001 ASL  00000061)
[    0.000000] ACPI: DSDT 0x000000003FFF0470 002325 (v02 VBOX   VBOXBIOS 00000002 INTL 20100528)
[    0.000000] ACPI: FACS 0x000000003FFF0200 000040
[    0.000000] ACPI: FACS 0x000000003FFF0200 000040
[    0.000000] ACPI: APIC 0x000000003FFF0240 00005C (v02 VBOX   VBOXAPIC 00000001 ASL  00000061)
[    0.000000] ACPI: SSDT 0x000000003FFF02A0 0001CC (v01 VBOX   VBOXCPUT 00000002 INTL 20100528)
[    0.000000] No NUMA configuration found
[    0.000000] Faking a node at [mem 0x0000000000000000-0x000000003ffeffff]
[    0.000000] NODE_DATA(0) allocated [mem 0x3ffeb000-0x3ffeffff]
[    0.000000] kvm-clock: Using msrs 4b564d01 and 4b564d00
[    0.000000] kvm-clock: cpu 0, msr 0:3ffe3001, primary cpu clock
[    0.000000] kvm-clock: using sched offset of 3371503483 cycles
[    0.000000] clocksource: kvm-clock: mask: 0xffffffffffffffff max_cycles: 0x1cd42e4dffb, max_idle_ns: 881590591483 ns
[    0.000000] Zone ranges:
[    0.000000]   DMA      [mem 0x0000000000001000-0x0000000000ffffff]
[    0.000000]   DMA32    [mem 0x0000000001000000-0x000000003ffeffff]
[    0.000000]   Normal   empty
[    0.000000]   Device   empty
[    0.000000] Movable zone start for each node
[    0.000000] Early memory node ranges
[    0.000000]   node   0: [mem 0x0000000000001000-0x000000000009efff]
[    0.000000]   node   0: [mem 0x0000000000100000-0x000000003ffeffff]
[    0.000000] Initmem setup node 0 [mem 0x0000000000001000-0x000000003ffeffff]
[    0.000000] ACPI: PM-Timer IO Port: 0x4008
[    0.000000] IOAPIC[0]: apic_id 2, version 32, address 0xfec00000, GSI 0-23
[    0.000000] ACPI: INT_SRC_OVR (bus 0 bus_irq 0 global_irq 2 dfl dfl)
[    0.000000] ACPI: INT_SRC_OVR (bus 0 bus_irq 9 global_irq 9 low level)
[    0.000000] Using ACPI (MADT) for SMP configuration information
[    0.000000] smpboot: Allowing 2 CPUs, 0 hotplug CPUs
[    0.000000] PM: Registered nosave memory: [mem 0x00000000-0x00000fff]
[    0.000000] PM: Registered nosave memory: [mem 0x0009f000-0x0009ffff]
[    0.000000] PM: Registered nosave memory: [mem 0x000a0000-0x000effff]
[    0.000000] PM: Registered nosave memory: [mem 0x000f0000-0x000fffff]
[    0.000000] e820: [mem 0x40000000-0xfebfffff] available for PCI devices
[    0.000000] Booting paravirtualized kernel on KVM
[    0.000000] clocksource: refined-jiffies: mask: 0xffffffff max_cycles: 0xffffffff, max_idle_ns: 7645519600211568 ns
[    0.000000] setup_percpu: NR_CPUS:512 nr_cpumask_bits:512 nr_cpu_ids:2 nr_node_ids:1
[    0.000000] PERCPU: Embedded 33 pages/cpu @ffff88003fc00000 s95448 r8192 d31528 u1048576
[    0.000000] Built 1 zonelists in Node order, mobility grouping on.  Total pages: 257912
[    0.000000] Policy zone: DMA32
[    0.000000] Kernel command line: BOOT_IMAGE=/boot/vmlinuz-4.4.0-176-generic root=LABEL=cloudimg-rootfs ro console=tty1 console=ttyS0
[    0.000000] PID hash table entries: 4096 (order: 3, 32768 bytes)
[    0.000000] Memory: 997676K/1048120K available (8626K kernel code, 1336K rwdata, 4032K rodata, 1488K init, 1292K bss, 50444K reserved, 0K cma-reserved)
[    0.000000] SLUB: HWalign=64, Order=0-3, MinObjects=0, CPUs=2, Nodes=1
[    0.000000] Kernel/User page tables isolation: enabled
[    0.000000] Hierarchical RCU implementation.
[    0.000000] 	Build-time adjustment of leaf fanout to 64.
[    0.000000] 	RCU restricting CPUs from NR_CPUS=512 to nr_cpu_ids=2.
[    0.000000] RCU: Adjusting geometry for rcu_fanout_leaf=64, nr_cpu_ids=2
[    0.000000] NR_IRQS:33024 nr_irqs:440 16
[    0.000000] Console: colour VGA+ 80x25
[    0.000000] console [tty1] enabled
[    0.000000] console [ttyS0] enabled
[    0.000000] tsc: Detected 1991.999 MHz processor
[    0.171940] Calibrating delay loop (skipped) preset value.. 3983.99 BogoMIPS (lpj=7967996)
[    0.173978] pid_max: default: 32768 minimum: 301
[    0.175051] ACPI: Core revision 20150930
[    0.177855] ACPI: 2 ACPI AML tables successfully acquired and loaded
[    0.179447] Security Framework initialized
[    0.180453] Yama: becoming mindful.
[    0.181361] AppArmor: AppArmor initialized
[    0.182439] Dentry cache hash table entries: 131072 (order: 8, 1048576 bytes)
[    0.184891] Inode-cache hash table entries: 65536 (order: 7, 524288 bytes)
[    0.186412] Mount-cache hash table entries: 2048 (order: 2, 16384 bytes)
[    0.187879] Mountpoint-cache hash table entries: 2048 (order: 2, 16384 bytes)
[    0.189545] Initializing cgroup subsys io
[    0.190595] Initializing cgroup subsys memory
[    0.191665] Initializing cgroup subsys devices
[    0.192700] Initializing cgroup subsys freezer
[    0.193758] Initializing cgroup subsys net_cls
[    0.194844] Initializing cgroup subsys perf_event
[    0.196017] Initializing cgroup subsys net_prio
[    0.197105] Initializing cgroup subsys hugetlb
[    0.198176] Initializing cgroup subsys pids
[    0.200894] mce: CPU supports 0 MCE banks
[    0.201944] Last level iTLB entries: 4KB 64, 2MB 8, 4MB 8
[    0.203144] Last level dTLB entries: 4KB 64, 2MB 0, 4MB 0, 1GB 4
[    0.204561] Spectre V1 : Mitigation: usercopy/swapgs barriers and __user pointer sanitization
[    0.206565] Spectre V2 : Mitigation: Full generic retpoline
[    0.207835] Spectre V2 : Spectre v2 / SpectreRSB mitigation: Filling RSB on context switch
[    0.209819] Speculative Store Bypass: Vulnerable
[    0.211023] MDS: Vulnerable: Clear CPU buffers attempted, no microcode
[    0.215393] Freeing SMP alternatives memory: 36K
[    0.222489] ftrace: allocating 32305 entries in 127 pages
[    0.285268] smpboot: APIC(0) Converting physical 0 to logical package 0
[    0.286771] smpboot: Max logical packages: 1
[    0.288236] x2apic enabled
[    0.289312] Switched APIC routing to physical x2apic.
[    0.291815] ..TIMER: vector=0x30 apic1=0 pin1=2 apic2=-1 pin2=-1
[    0.401298] smpboot: CPU0: Intel(R) Core(TM) i7-8550U CPU @ 1.80GHz (family: 0x6, model: 0x8e, stepping: 0xa)
[    0.404083] Performance Events: unsupported p6 CPU model 142 no PMU driver, software events only.
[    0.415348] KVM setup paravirtual spinlock
[    0.417041] x86: Booting SMP configuration:
[    0.418140] .... node  #0, CPUs:      #1
[    0.419338] kvm-clock: cpu 1, msr 0:3ffe3041, secondary cpu clock
[    0.421950] mce: CPU supports 0 MCE banks
[    0.424655] x86: Booted up 1 node, 2 CPUs
[    0.425914] smpboot: Total of 2 processors activated (7967.99 BogoMIPS)
[    0.428109] devtmpfs: initialized
[    0.430314] evm: security.selinux
[    0.431197] evm: security.SMACK64
[    0.432101] evm: security.SMACK64EXEC
[    0.433035] evm: security.SMACK64TRANSMUTE
[    0.434098] evm: security.SMACK64MMAP
[    0.435219] evm: security.ima
[    0.436039] evm: security.capability
[    0.437390] clocksource: jiffies: mask: 0xffffffff max_cycles: 0xffffffff, max_idle_ns: 7645041785100000 ns
[    0.440262] futex hash table entries: 512 (order: 3, 32768 bytes)
[    0.441935] pinctrl core: initialized pinctrl subsystem
[    0.443309] RTC time:  8:11:32, date: 03/31/20
[    0.444577] NET: Registered protocol family 16
[    0.458842] cpuidle: using governor ladder
[    0.472601] cpuidle: using governor menu
[    0.473744] PCCT header not found.
[    0.474950] ACPI: bus type PCI registered
[    0.475962] acpiphp: ACPI Hot Plug PCI Controller Driver version: 0.5
[    0.477721] PCI: Using configuration type 1 for base access
[    0.491086] ACPI: Added _OSI(Module Device)
[    0.493203] ACPI: Added _OSI(Processor Device)
[    0.495323] ACPI: Added _OSI(3.0 _SCP Extensions)
[    0.497084] ACPI: Added _OSI(Processor Aggregator Device)
[    0.500062] ACPI: Executed 1 blocks of module-level executable AML code
[    0.505602] ACPI: Interpreter enabled
[    0.506785] ACPI: (supports S0 S5)
[    0.507901] ACPI: Using IOAPIC for interrupt routing
[    0.509519] PCI: Using host bridge windows from ACPI; if necessary, use "pci=nocrs" and report a bug
[    0.515741] ACPI: PCI Root Bridge [PCI0] (domain 0000 [bus 00-ff])
[    0.517185] acpi PNP0A03:00: _OSC: OS supports [ASPM ClockPM Segments MSI]
[    0.519110] acpi PNP0A03:00: _OSC: not requesting OS control; OS requires [ExtendedConfig ASPM ClockPM MSI]
[    0.521396] acpi PNP0A03:00: fail to add MMCONFIG information, can't access extended PCI configuration space under this bridge.
[    0.524592] PCI host bridge to bus 0000:00
[    0.525739] pci_bus 0000:00: root bus resource [io  0x0000-0x0cf7 window]
[    0.527276] pci_bus 0000:00: root bus resource [io  0x0d00-0xffff window]
[    0.528967] pci_bus 0000:00: root bus resource [mem 0x000a0000-0x000bffff window]
[    0.530907] pci_bus 0000:00: root bus resource [mem 0x40000000-0xfdffffff window]
[    0.532797] pci_bus 0000:00: root bus resource [bus 00-ff]
[    0.535978] pci 0000:00:01.1: legacy IDE quirk: reg 0x10: [io  0x01f0-0x01f7]
[    0.537536] pci 0000:00:01.1: legacy IDE quirk: reg 0x14: [io  0x03f6]
[    0.538999] pci 0000:00:01.1: legacy IDE quirk: reg 0x18: [io  0x0170-0x0177]
[    0.540555] pci 0000:00:01.1: legacy IDE quirk: reg 0x1c: [io  0x0376]
[    0.564735] pci 0000:00:07.0: quirk: [io  0x4000-0x403f] claimed by PIIX4 ACPI
[    0.566661] pci 0000:00:07.0: quirk: [io  0x4100-0x410f] claimed by PIIX4 SMB
[    0.571918] ACPI: PCI Interrupt Link [LNKA] (IRQs 5 9 10 *11)
[    0.574221] ACPI: PCI Interrupt Link [LNKB] (IRQs 5 9 *10 11)
[    0.576362] ACPI: PCI Interrupt Link [LNKC] (IRQs 5 *9 10 11)
[    0.578687] ACPI: PCI Interrupt Link [LNKD] (IRQs 5 9 10 *11)
[    0.580299] ACPI: Enabled 2 GPEs in block 00 to 07
[    0.581653] vgaarb: setting as boot device: PCI:0000:00:02.0
[    0.582858] vgaarb: device added: PCI:0000:00:02.0,decodes=io+mem,owns=io+mem,locks=none
[    0.584606] vgaarb: loaded
[    0.585350] vgaarb: bridge control possible 0000:00:02.0
[    0.586660] SCSI subsystem initialized
[    0.587646] ACPI: bus type USB registered
[    0.588561] usbcore: registered new interface driver usbfs
[    0.589693] usbcore: registered new interface driver hub
[    0.590837] usbcore: registered new device driver usb
[    0.592100] PCI: Using ACPI for IRQ routing
[    0.593885] NetLabel: Initializing
[    0.594723] NetLabel:  domain hash size = 128
[    0.595724] NetLabel:  protocols = UNLABELED CIPSOv4
[    0.596757] NetLabel:  unlabeled traffic allowed by default
[    0.598048] amd_nb: Cannot enumerate AMD northbridges
[    0.599187] clocksource: Switched to clocksource kvm-clock
[    0.606301] AppArmor: AppArmor Filesystem Enabled
[    0.607588] pnp: PnP ACPI init
[    0.609217] pnp: PnP ACPI: found 3 devices
[    0.620753] clocksource: acpi_pm: mask: 0xffffff max_cycles: 0xffffff, max_idle_ns: 2085701024 ns
[    0.623002] NET: Registered protocol family 2
[    0.624146] TCP established hash table entries: 8192 (order: 4, 65536 bytes)
[    0.625726] TCP bind hash table entries: 8192 (order: 5, 131072 bytes)
[    0.627226] TCP: Hash tables configured (established 8192 bind 8192)
[    0.628782] UDP hash table entries: 512 (order: 2, 16384 bytes)
[    0.630228] UDP-Lite hash table entries: 512 (order: 2, 16384 bytes)
[    0.632080] NET: Registered protocol family 1
[    0.633237] pci 0000:00:00.0: Limiting direct PCI/PCI transfers
[    0.634786] pci 0000:00:01.0: Activating ISA DMA hang workarounds
[    0.636421] Unpacking initramfs...
[    0.829967] Freeing initrd memory: 14876K
[    0.831129] clocksource: tsc: mask: 0xffffffffffffffff max_cycles: 0x396d4ffc055, max_idle_ns: 881590662783 ns
[    0.833603] platform rtc_cmos: registered platform RTC device (no PNP device found)
[    0.835611] Scanning for low memory corruption every 60 seconds
[    0.837432] audit: initializing netlink subsys (disabled)
[    0.838731] audit: type=2000 audit(1585642297.560:1): initialized
[    0.840386] Initialise system trusted keyring
[    0.841867] HugeTLB registered 2 MB page size, pre-allocated 0 pages
[    0.844514] zbud: loaded
[    0.845776] VFS: Disk quotas dquot_6.6.0
[    0.846777] VFS: Dquot-cache hash table entries: 512 (order 0, 4096 bytes)
[    0.848779] squashfs: version 4.0 (2009/01/31) Phillip Lougher
[    0.850647] fuse init (API version 7.23)
[    0.851994] Key type big_key registered
[    0.853049] Allocating IMA MOK and blacklist keyrings.
[    0.856375] Key type asymmetric registered
[    0.857436] Asymmetric key parser 'x509' registered
[    0.858647] Block layer SCSI generic (bsg) driver version 0.4 loaded (major 249)
[    0.860645] io scheduler noop registered
[    0.861745] io scheduler deadline registered (default)
[    0.863138] io scheduler cfq registered
[    0.864816] pci_hotplug: PCI Hot Plug PCI Core version: 0.5
[    0.866130] pciehp: PCI Express Hot Plug Controller Driver version: 0.4
[    0.868006] ACPI: AC Adapter [AC] (on-line)
[    0.869109] input: Power Button as /devices/LNXSYSTM:00/LNXPWRBN:00/input/input0
[    0.870987] ACPI: Power Button [PWRF]
[    0.872044] input: Sleep Button as /devices/LNXSYSTM:00/LNXSLPBN:00/input/input1
[    0.873887] ACPI: Sleep Button [SLPF]
[    0.875141] GHES: HEST is not enabled!
[    0.876006] ACPI: Battery Slot [BAT0] (battery present)
[    0.877551] Serial: 8250/16550 driver, 32 ports, IRQ sharing enabled
[    0.899750] 00:02: ttyS0 at I/O 0x3f8 (irq = 4, base_baud = 115200) is a 16550A
[    0.905402] Linux agpgart interface v0.103
[    0.908002] loop: module loaded
[    0.909291] scsi host0: ata_piix
[    0.910213] scsi host1: ata_piix
[    0.911008] ata1: PATA max UDMA/33 cmd 0x1f0 ctl 0x3f6 bmdma 0xd000 irq 14
[    0.912442] ata2: PATA max UDMA/33 cmd 0x170 ctl 0x376 bmdma 0xd008 irq 15
[    0.913820] libphy: Fixed MDIO Bus: probed
[    0.914781] tun: Universal TUN/TAP device driver, 1.6
[    0.915891] tun: (C) 1999-2004 Max Krasnyansky <maxk@qualcomm.com>
[    0.917267] PPP generic driver version 2.4.2
[    0.918296] ehci_hcd: USB 2.0 'Enhanced' Host Controller (EHCI) Driver
[    0.919571] ehci-pci: EHCI PCI platform driver
[    0.920575] ehci-platform: EHCI generic platform driver
[    0.921653] ohci_hcd: USB 1.1 'Open' Host Controller (OHCI) Driver
[    0.923125] ohci-pci: OHCI PCI platform driver
[    0.924128] ohci-platform: OHCI generic platform driver
[    0.925212] uhci_hcd: USB Universal Host Controller Interface driver
[    0.926511] i8042: PNP: PS/2 Controller [PNP0303:PS2K,PNP0f03:PS2M] at 0x60,0x64 irq 1,12
[    0.928830] serio: i8042 KBD port at 0x60,0x64 irq 1
[    0.929871] serio: i8042 AUX port at 0x60,0x64 irq 12
[    0.931155] mousedev: PS/2 mouse device common for all mice
[    0.932653] input: AT Translated Set 2 keyboard as /devices/platform/i8042/serio0/input/input2
[    0.934942] rtc_cmos rtc_cmos: rtc core: registered rtc_cmos as rtc0
[    0.936287] rtc_cmos rtc_cmos: alarms up to one day, 114 bytes nvram
[    0.937530] i2c /dev entries driver
[    0.938400] device-mapper: uevent: version 1.0.3
[    0.939497] device-mapper: ioctl: 4.34.0-ioctl (2015-10-28) initialised: dm-devel@redhat.com
[    0.941305] ledtrig-cpu: registered to indicate activity on CPUs
[    0.942914] NET: Registered protocol family 10
[    0.944422] NET: Registered protocol family 17
[    0.945400] Key type dns_resolver registered
[    0.947306] registered taskstats version 1
[    0.948380] Loading compiled-in X.509 certificates
[    0.949998] Loaded X.509 cert 'Build time autogenerated kernel key: c2b7431ed9258328a3a0cf301f850647788d8e61'
[    0.952388] zswap: loaded using pool lzo/zbud
[    0.957062] Key type trusted registered
[    0.961119] Key type encrypted registered
[    0.962308] AppArmor: AppArmor sha1 policy hashing enabled
[    0.963645] ima: No TPM chip found, activating TPM-bypass!
[    0.965023] ima: Allocated hash algorithm: sha1
[    0.966420] evm: HMAC attrs: 0x1
[    0.968044]   Magic number: 12:773:170
[    0.969537] rtc_cmos rtc_cmos: setting system clock to 2020-03-31 08:11:33 UTC (1585642293)
[    0.971739] BIOS EDD facility v0.16 2004-Jun-25, 0 devices found
[    0.973105] EDD information not available.
[    1.092347] Freeing unused kernel memory: 1488K
[    1.094114] Write protecting the kernel read-only data: 14336k
[    1.096066] Freeing unused kernel memory: 1604K
[    1.097450] Freeing unused kernel memory: 64K
Loading, please wait...
starting version 229
[    1.111725] random: systemd-udevd: uninitialized urandom read (16 bytes read, 3 bits of entropy available)
[    1.112280] random: udevadm: uninitialized urandom read (16 bytes read, 3 bits of entropy available)
[    1.112298] random: udevadm: uninitialized urandom read (16 bytes read, 3 bits of entropy available)
[    1.118778] random: systemd-udevd: uninitialized urandom read (16 bytes read, 3 bits of entropy available)
[    1.120885] random: udevadm: uninitialized urandom read (16 bytes read, 3 bits of entropy available)
[    1.120921] random: udevadm: uninitialized urandom read (16 bytes read, 3 bits of entropy available)
[    1.121064] random: udevadm: uninitialized urandom read (16 bytes read, 3 bits of entropy available)
[    1.121110] random: udevadm: uninitialized urandom read (16 bytes read, 3 bits of entropy available)
[    1.121151] random: udevadm: uninitialized urandom read (16 bytes read, 3 bits of entropy available)
[    1.121195] random: udevadm: uninitialized urandom read (16 bytes read, 3 bits of entropy available)
[    1.167773] e1000: Intel(R) PRO/1000 Network Driver - version 7.3.21-k8-NAPI
[    1.169820] e1000: Copyright (c) 1999-2006 Intel Corporation.
[    1.173872] Fusion MPT base driver 3.04.20
[    1.174986] Copyright (c) 1999-2008 LSI Corporation
[    1.179408] Fusion MPT SPI Host driver 3.04.20
[    1.198592] AVX2 version of gcm_enc/dec engaged.
[    1.199779] AES CTR mode by8 optimization enabled
[    1.403683] input: ImExPS/2 Generic Explorer Mouse as /devices/platform/i8042/serio1/input/input4
[    1.654698] e1000 0000:00:03.0 eth0: (PCI:33MHz:32-bit) 02:38:f8:91:fa:5a
[    1.656348] e1000 0000:00:03.0 eth0: Intel(R) PRO/1000 Network Connection
[    1.658524] mptbase: ioc0: Initiating bringup
[    1.660128] e1000 0000:00:03.0 enp0s3: renamed from eth0
[    2.822605] ioc0: LSI53C1030 A0: Capabilities={Initiator}
[    4.862390] scsi host2: ioc0: LSI53C1030 A0, FwRev=00000000h, Ports=1, MaxQ=256, IRQ=20
[    6.800904] scsi 2:0:0:0: Direct-Access     VBOX     HARDDISK         1.0  PQ: 0 ANSI: 5
[    6.805537] scsi target2:0:0: Beginning Domain Validation
[    6.812846] scsi target2:0:0: Domain Validation skipping write tests
[    6.819232] scsi target2:0:0: Ending Domain Validation
[    6.825269] scsi target2:0:0: asynchronous
[    6.833434] scsi 2:0:1:0: Direct-Access     VBOX     HARDDISK         1.0  PQ: 0 ANSI: 5
[    6.842292] scsi target2:0:1: Beginning Domain Validation
[    6.849976] scsi target2:0:1: Domain Validation skipping write tests
[    6.852033] scsi target2:0:1: Ending Domain Validation
[    6.853859] scsi target2:0:1: asynchronous
[    6.881526] sd 2:0:0:0: Attached scsi generic sg0 type 0
[    6.882774] sd 2:0:0:0: [sda] 20971520 512-byte logical blocks: (10.7 GB/10.0 GiB)
[    6.884615] sd 2:0:1:0: Attached scsi generic sg1 type 0
[    6.885713] sd 2:0:1:0: [sdb] 20480 512-byte logical blocks: (10.5 MB/10.0 MiB)
[    6.887820] sd 2:0:1:0: [sdb] Write Protect is off
[    6.888880] sd 2:0:0:0: [sda] Write Protect is off
[    6.890066] sd 2:0:1:0: [sdb] Incomplete mode parameter data
[    6.891224] sd 2:0:1:0: [sdb] Assuming drive cache: write through
[    6.892638] sd 2:0:0:0: [sda] Incomplete mode parameter data
[    6.893803] sd 2:0:0:0: [sda] Assuming drive cache: write through
[    6.897005]  sda: sda1
[    6.898940] sd 2:0:0:0: [sda] Attached SCSI disk
[    6.900207] sd 2:0:1:0: [sdb] Attached SCSI disk
Begin: Loading essential drivers ... [    8.303735] md: linear personality registered for level -1
[    8.307029] md: multipath personality registered for level -4
[    8.310311] md: raid0 personality registered for level 0
[    8.314456] md: raid1 personality registered for level 1
[    8.383380] raid6: sse2x1   gen() 13051 MB/s
[    8.451766] raid6: sse2x1   xor()  9662 MB/s
[    8.519844] raid6: sse2x2   gen() 15935 MB/s
[    8.587223] raid6: sse2x2   xor() 11145 MB/s
[    8.656089] raid6: sse2x4   gen() 18708 MB/s
[    8.723505] raid6: sse2x4   xor() 12153 MB/s
[    8.791888] raid6: avx2x1   gen() 24629 MB/s
[    8.859230] raid6: avx2x2   gen() 21725 MB/s
[    8.927309] raid6: avx2x4   gen() 31586 MB/s
[    8.928808] raid6: using algorithm avx2x4 gen() 31586 MB/s
[    8.930047] raid6: using avx2x2 recovery algorithm
[    8.932471] xor: automatically using best checksumming function:
[    8.971356]    avx       : 28516.000 MB/sec
[    8.974463] async_tx: api initialized (async)
[    8.984376] md: raid6 personality registered for level 6
[    8.985575] md: raid5 personality registered for level 5
[    8.986788] md: raid4 personality registered for level 4
[    8.994367] md: raid10 personality registered for level 10
done.
Begin: Running /scripts/init-premount ... done.
Begin: Mounting root file system ... Begin: Running /scripts/local-top ... done.
Begin: Running /scripts/local-premount ... [    9.030089] Btrfs loaded
Scanning for Btrfs filesystems
done.
Warning: fsck not present, so skipping root file system
[    9.065382] EXT4-fs (sda1): mounted filesystem with ordered data mode. Opts: (null)
done.
Begin: Running /scripts/local-bottom ... done.
Begin: Running /scripts/init-bottom ... done.
[    9.151031] systemd[1]: systemd 229 running in system mode. (+PAM +AUDIT +SELINUX +IMA +APPARMOR +SMACK +SYSVINIT +UTMP +LIBCRYPTSETUP +GCRYPT +GNUTLS +ACL +XZ -LZ4 +SECCOMP +BLKID +ELFUTILS +KMOD -IDN)
[    9.154661] systemd[1]: Detected virtualization oracle.
[    9.155856] systemd[1]: Detected architecture x86-64.

Welcome to [1mUbuntu 16.04.6 LTS[0m!

[    9.159081] systemd[1]: Set hostname to <ubuntu>.
[    9.161429] systemd[1]: Initializing machine ID from random generator.
[    9.162708] systemd[1]: Installed transient /etc/machine-id file.
[    9.294662] systemd[1]: Set up automount Arbitrary Executable File Formats File System Automount Point.
[[0;32m  OK  [0m] Set up automount Arbitrary Executab...ats File System Automount Point.
[    9.299035] systemd[1]: Listening on /dev/initctl Compatibility Named Pipe.
[[0;32m  OK  [0m] Listening on /dev/initctl Compatibility Named Pipe.
[    9.302531] systemd[1]: Reached target Swap.
[[0;32m  OK  [0m] Reached target Swap.
[    9.312184] systemd[1]: Listening on Journal Socket (/dev/log).
[[0;32m  OK  [0m] Listening on Journal Socket (/dev/log).
[    9.320174] systemd[1]: Created slice System Slice.
[[0;32m  OK  [0m] Created slice System Slice.
[    9.322212] systemd[1]: Listening on Syslog Socket.
[[0;32m  OK  [0m] Listening on Syslog Socket.
[    9.324642] systemd[1]: Created slice system-serial\x2dgetty.slice.
[[0;32m  OK  [0m] Created slice system-serial\x2dgetty.slice.
[    9.327140] systemd[1]: Listening on udev Kernel Socket.
[[0;32m  OK  [0m] Listening on udev Kernel Socket.
[    9.330042] systemd[1]: Listening on LVM2 metadata daemon socket.
[[0;32m  OK  [0m] Listening on LVM2 metadata daemon socket.
[    9.333045] systemd[1]: Listening on udev Control Socket.
[[0;32m  OK  [0m] Listening on udev Control Socket.
[    9.339551] systemd[1]: Reached target Encrypted Volumes.
[[0;32m  OK  [0m] Reached target Encrypted Volumes.
[    9.341679] systemd[1]: Reached target User and Group Name Lookups.
[[0;32m  OK  [0m] Reached target User and Group Name Lookups.
[    9.352224] systemd[1]: Listening on Device-mapper event daemon FIFOs.
[[0;32m  OK  [0m] Listening on Device-mapper event daemon FIFOs.
[    9.354951] systemd[1]: Created slice User and Session Slice.
[[0;32m  OK  [0m] Created slice User and Session Slice.
[    9.357344] systemd[1]: Reached target Slices.
[[0;32m  OK  [0m] Reached target Slices.
[    9.359182] systemd[1]: Listening on Journal Audit Socket.
[[0;32m  OK  [0m] Listening on Journal Audit Socket.
[    9.361241] systemd[1]: Reached target System Time Synchronized.
[[0;32m  OK  [0m] Reached target System Time Synchronized.
[    9.363459] systemd[1]: Listening on Journal Socket.
[[0;32m  OK  [0m] Listening on Journal Socket.
[    9.608636] systemd[1]: Starting Remount Root and Kernel File Systems...
         Starting Remount Root and Kernel File Systems...
[    9.611953] systemd[1]: Mounting Debug File System...
         [    9.614179] EXT4-fs (sda1): re-mounted. Opts: (null)
Mounting Debug File System...
[    9.616117] systemd[1]: Starting Monitoring of LVM2 mirrors, snapshots etc. using dmeventd or progress polling...
         Starting Monitoring of LVM2 mirrors... dmeventd or progress polling...
[    9.620024] systemd[1]: Starting Uncomplicated firewall...
         Starting Uncomplicated firewall...
[    9.623695] systemd[1]: Starting Load Kernel Modules...
         Starting Load Kernel Modules...
[    9.626619] systemd[1]: Mounting POSIX Message Queue File System...
         Mounting POSIX Message Queue File System...
[    9.631033] systemd[1]: Starting Create list of required static device nodes for the current kernel...
         Starting Create list of required st... nodes for the current kernel...
[    9.634973] systemd[1]: Mounting Huge Pages File System...
[    9.636576] Loading iSCSI transport class v2.0-870.
         Mounting Huge Pages File System...
[    9.646002] iscsi: registered transport (tcp)
[    9.648791] systemd[1]: Starting Journal Service...
         Starting Journal Service...
[    9.656620] systemd[1]: Starting Set console keymap...
         Starting Set console keymap...
[    9.659558] systemd[1]: Listening on LVM2 poll daemon socket.
[[0;32m  OK  [0m] Listening on LVM2 poll daemon socket.
[    9.668362] systemd[1]: Starting Nameserver information manager...
         Starting Nameserver information manager...
[    9.671343] systemd[1]: Started Trigger resolvconf update for networkd DNS.
[[0;32m  OK  [0m] Started Trigger resolvconf update for networkd DNS.
[    9.677973] systemd[1]: Started Forward Password Requests to Wall Directory Watch.
[[0;32m  OK  [0m] Started Forward Password Requests to Wall Directory Watch.
[    9.685675] systemd[1]: Mounted Debug File System.
[[0;32m  OK  [0m] Mounted Debug File System.
[    9.689121] systemd[1]: Mounted Huge Pages File System.
[[0;32m  OK  [0m] Mounted Huge Pages File System.
[    9.692552] systemd[1]: Mounted POSIX Message Queue File System.
[[0;32m  OK  [0m] Mounted POSIX Message Queue File System.
[    9.695668] systemd[1]: Started Journal Service.
[[0;32m  OK  [0m] Started Journal Service.
[[0;32m  OK  [0m] Started Remount Root and Kernel File Systems.
[[0;32m  OK  [0m] Started Uncomplicated firewall.
[[0;32m  OK  [0m] Started Create list of required sta...ce nodes for the current kernel.
[[0;32m  OK  [0m] Started LVM2 metadata daemon.
         Starting Create Static Device Nodes in /dev...
         [    9.721736] iscsi: registered transport (iser)
Starting Load/Save Random Seed...
         Starting udev Coldplug all Devices...
         Starting Flush Journal to Persistent Storage...
[[0;32m  OK  [0m] Started Load Kernel Modules.
[[0;32m  OK  [0m] Started Nameserver information manager.
[[0;32m  OK  [0m] Started Load/Save Random Seed.
         Mounting FUSE Control File System...
         Starting Apply Kernel Variables...
[[0;32m  OK  [0m] Mounted FUSE Control File System.
[[0;32m  OK  [0m] Started Create Static Device Nodes in /dev.
         Starting udev Kernel Device Manager...
[    9.781435] systemd-journald[398]: Received request to flush runtime journal from PID 1
[[0;32m  OK  [0m] Started Apply Kernel Variables.
[[0;32m  OK  [0m] Started Flush Journal to Persistent Storage.
[[0;32m  OK  [0m] Started Monitoring of LVM2 mirrors,...ng dmeventd or progress polling.
[[0;32m  OK  [0m] Started udev Kernel Device Manager.
[[0;32m  OK  [0m] Started udev Coldplug all Devices.
[[0;32m  OK  [0m] Started Set console keymap.
[[0;32m  OK  [0m] Started Dispatch Password Requests to Console Directory Watch.
[[0;32m  OK  [0m] Reached target Local File Systems (Pre).
[[0;32m  OK  [0m] Reached target Local File Systems.
         Starting Commit a transient machine-id on disk...
         Starting Create Volatile Files and Directories...
         Starting LSB: AppArmor initialization...
         Starting Initial cloud-init job (pre-networking)...
         Starting Set console font and keymap...
         Starting Tell Plymouth To Write Out Runtime Data...
[[0;32m  OK  [0m] Started Create Volatile Files and Directories.
         Starting Update UTMP about System Boot/Shutdown...
[[0;32m  OK  [0m] Started Update UTMP about System Boot/Shutdown.
[[0;32m  OK  [0m] Started Commit a transient machine-id on disk.
[[0;32m  OK  [0m] Started Tell Plymouth To Write Out Runtime Data.
[[0;32m  OK  [0m] Found device /dev/ttyS0.
[[0;32m  OK  [0m] Listening on Load/Save RF Kill Switch Status /dev/rfkill Watch.
[   11.480109] cloud-init[490]: Cloud-init v. 19.4-33-gbb4131a2-0ubuntu1~16.04.1 running 'init-local' at Tue, 31 Mar 2020 08:11:43 +0000. Up 10.77 seconds.
[[0;32m  OK  [0m] Started Initial cloud-init job (pre-networking).
[[0;32m  OK  [0m] Reached target Network (Pre).
[[0;32m  OK  [0m] Started Set console font and keymap.
[[0;32m  OK  [0m] Created slice system-getty.slice.
[[0;32m  OK  [0m] Started LSB: AppArmor initialization.
         Starting Raise network interfaces...
[[0;32m  OK  [0m] Started Raise network interfaces.
[[0;32m  OK  [0m] Reached target Network.
         Starting Initial cloud-init job (metadata service crawler)...
[   13.836222] cloud-init[957]: Cloud-init v. 19.4-33-gbb4131a2-0ubuntu1~16.04.1 running 'init' at Tue, 31 Mar 2020 08:11:46 +0000. Up 13.28 seconds.
[   13.844740] cloud-init[957]: ci-info: ++++++++++++++++++++++++++++++++++++++Net device info++++++++++++++++++++++++++++++++++++++
[   13.852539] cloud-init[957]: ci-info: +--------+------+----------------------------+---------------+--------+-------------------+
[   13.860850] cloud-init[957]: ci-info: | Device |  Up  |          Address           |      Mask     | Scope  |     Hw-Address    |
[   13.868665] cloud-init[957]: ci-info: +--------+------+----------------------------+---------------+--------+-------------------+
[   13.869981] cloud-init[957]: ci-info: | enp0s3 | True |         10.0.2.15          | 255.255.255.0 | global | 02:38:f8:91:fa:5a |
[   13.876420] cloud-init[957]: ci-info: | enp0s3 | True | fe80::38:f8ff:fe91:fa5a/64 |       .       |  link  | 02:38:f8:91:fa:5a |
[   13.877806] cloud-init[957]: ci-info: |   lo   | True |         127.0.0.1          |   255.0.0.0   |  host  |         .         |
[   13.884285] [[0;32m  OK  [0m] Started Initial cloud-init job (metadata service crawler).
[[0;32m  OK  [0m] Reached target Cloud-config availability.
[[0;32m  OK  [0m] Reached target Network is Online.
cloud-init[957]: ci-info: |   lo   | True |          ::1/128           |       .       |  host  |         .         |
[   13.888067] cloud-init[957]: ci-info: +--------+------+----------------------------+---------------+--------+-------------------+
[   13.890199] cloud-init[957]: ci-info: +++++++++++++++++++++++++++Route IPv4 info++++++++++++++++++++++++++++
[   13.892604] cloud-init[957]: ci-info: +-------+-------------+----------+---------------+-----------+-------+
[   13.894090] cloud-init[957]: ci-info: | Route | Destination | Gateway  |    Genmask    | Interface | Flags |
[   13.895805] cloud-init[957]: ci-info: +-------+-------------+----------+---------------+-----------+-------+
[   13.897487] cloud-init[957]: ci-info: |   0   |   0.0.0.0   | 10.0.2.2 |    0.0.0.0    |   enp0s3  |   UG  |
[   13.899249] cloud-init[957]: ci-info: |   1   |   10.0.2.0  | 0.0.0.0  | 255.255.255.0 |   enp0s3  |   U   |         Starting iSCSI initiator daemon (iscsid)...
[[0;32m  OK  [0m] Reached target System Initialization.
[[0;32m  OK  [0m] Started Daily apt download activities.
[[0;32m  OK  [0m] Listening on D-Bus System Message Bus Socket.
[[0;32m  OK  [0m] Started Message of the Day.

[   13.908305] [[0;32m  OK  [0m] Started ACPI Events Check.
[[0;32m  OK  [0m] Reached target Paths.
cloud-init[957]: ci-info: +-------+-------------+----------+---------------+-----------+-------+
[   13.916883] [[0;32m  OK  [0m] Started Daily Cleanup of Temporary Directories.
         Starting Socket activation for snappy daemon.
[[0;32m  OK  [0m] Started Daily apt upgrade and clean activities.
cloud-init[957]: ci-info: +++++++++++++++++++Route IPv6 info+++++++++++++++++++
[   13.920694] [[0;32m  OK  [0m] Listening on UUID daemon activation socket.
cloud-init[957]: ci-info: +-------+-------------+---------+-----------+-------+
[   13.928585] [[0;32m  OK  [0m] Listening on ACPID Listen Socket.
cloud-init[957]:          Starting LXD - unix socket.
[[0;32m  OK  [0m] Reached target Timers.
ci-info: | Route | Destination | Gateway | Interface | Flags |
[   13.932026] cloud-init[957]: ci-info: +-------+-------------+---------+-----------+-------+
[   13.933426] cloud-init[957]: ci-info: |   0   |  fe80::/64  |    ::   |   enp0s3  |   U   |
[   13.940290] [[0;32m  OK  [0m] Listening on Socket activation for snappy daemon.
[[0;32m  OK  [0m] Listening on LXD - unix socket.
cloud-init[957]: ci-info: |   3   |   ff00::/8  |    ::   |   enp0s3  |   U   |
[   13.943835] cloud-init[957]: ci-info: +-------+-------------+---------+-----------+-------+
[[0;32m  OK  [0m] Reached target Sockets.
[   13.944413] [[0;32m  OK  [0m] Reached target Basic System.
cloud-init[957]: Generating public/private rsa key pair.
[   13.948609] [cloud-init[0;32m  OK  [0m[957]: ] Your identification has been saved in /etc/ssh/ssh_host_rsa_key.Started ACPI event daemon.

[   13.951334] cloud-init[957]: Your public key has been saved in /etc/ssh/ssh_host_rsa_key.pub.
[   13.958606]          Starting /etc/rc.local Compatibility...
cloud-init[957]: The key fingerprint is:[[0;32m  OK  [0m] Started Regular background program processing daemon.
         Starting Login Service...
[[0;32m  OK  [0m] Started FUSE filesystem for LXC.

         Starting Accounts Service...
[   13.967433]          Starting LXD - container startup/shutdown...
         Starting LSB: MD monitoring daemon...
         Starting Virtualbox guest utils...
[[0;32m  OK  [0m] Started D-Bus System Message Bus.
cloud-init[957]: SHA256:L7HO0VrYSjPDvxNXND8YPAdIg6mqqupxLCsIrgAmC9s root@ubuntu-xenial
[   13.987016] cloud-init[957]: The key's randomart image is:
[   13.989520] cloud-init[957]: +---[RSA 2048]----+
[   13.991984] cloud-init[957]: |          +oo..  |
[   13.995823] cloud-init[957]: |         o ..+o. |
[   13.997857] cloud-init[957]: |        .    .=o |
[   13.999687] cloud-init[957]: |       .     ....|
[   14.001847] cloud-init[957]: |+.    . S    .  .|
[   14.003354] cloud-init[957]: |*+.  . . B. .    |
[   14.005488] cloud-init[957]: |BoEo.   @ =o     |
[   14.007448] cloud-init[957]: |+.=.   + @.      |
[   14.009155] cloud-init[957]: |X+.     = oo     |
[   14.010882] cloud-init[957]: +----[SHA256]-----+
[   14.012430] cloud-init[957]: Generating public/private dsa key pair.
[   14.013976] cloud-init[957]: Your identification has been saved in /etc/ssh/ssh_host_dsa_key.
[   14.016398] cloud-init[957]: Your public key has been saved in /etc/ssh/ssh_host_dsa_key.pub.
[   14.019188] cloud-init[957]: The key fingerprint is:
[   14.020877] cloud-init[957]: SHA256:qTLYYxyTG27KGsfRqHHaivtPPGqAy42n5lGX2/t+7vo root@ubuntu-xenial
[   14.023901] cloud-init[957]: The key's randomart image is:
[   14.025779] cloud-init[957]: +---[DSA 1024]----+
[   14.027276] cloud-init[957]: |                 |
[   14.029030] cloud-init[957]: |                 |
[   14.030354] cloud-init[957]: |                 |
[   14.032277] cloud-init[957]: |   o ..  .       |
[   14.033886] cloud-init[957]: |o +.*o  S        |
[   14.035348] cloud-init[957]: |oB.B.=o.         |
[   14.037156] cloud-init[957]: |=+B #...         |
[   14.039166] cloud-init[957]:          Starting LSB: Record successful boot for GRUB...
[[0;32m  OK  [0m] Started Deferred execution scheduler.
|oOoO =  .  .     |         Starting Snappy daemon...
         Starting Pollinate to seed the pseudo random number generator...
         Starting System Logging Service...
[[0;32m  OK  [0m] Started iSCSI initiator daemon (iscsid).
[[0;32m  OK  [0m] Started /etc/rc.local Compatibility.

[   14.048470] cloud-init[957]: |BBB..  .o+*E     |
[   14.051611] cloud-init[957]: +----[SHA256]-----+
[   14.059643] cloud-init[957]: Generating public/private ecdsa key pair.
[   14.062746] cloud-init[957]: Your identification has been saved in /etc/ssh/ssh_host_ecdsa_key.
[   14.067951] cloud-init[957]: Your public key has been saved in /etc/ssh/ssh_host_ecdsa_key.pub.
[   14.072020] cloud-init[957]: The key fingerprint is:
[   14.076332] cloud-init[957]: SHA256:w8JzvRxnrLdObcm+g3HwxDcjbLDyw4+J4scN6MH/Anc root@ubuntu-xenial
[   14.079856] cloud-init[957]: The key's randomart image is:
[   14.086609] cloud-init[957]: +---[ECDSA 256]---+         Starting Authenticate and Authorize Users to Run Privileged Tasks...
         Starting Login to default iSCSI targets...
[[0;32m  OK  [0m] Started System Logging Service.
[[0;32m  OK  [0m] Started LSB: MD monitoring daemon.
[[0;32m  OK  [0m] Started Login Service.
[[0;32m  OK  [0m] Started Unattended Upgrades Shutdown.

[   14.120471] cloud-init[957]: |                 |
[[0;32m  OK  [0m] Started LXD - container startup/shutdown.
[   14.126997] [[0;32m  OK  [0m] Started Login to default iSCSI targets.
[[0;32m  OK  [0m] Reached target Remote File Systems (Pre).
[[0;32m  OK  [0m] Reached target Remote File Systems.
         Starting LSB: automatic crash report generation...
         Starting LSB: Set the CPU Frequency Scaling governor to "ondemand"...
cloud-init[957]:          Starting Permit User Sessions...
|           .     |
[   14.150167] cloud-init[957]: |            +.   |
[   14.153189] cloud-init[957]: |     . . o o.+oo.|
[   14.155934] cloud-init[957]: |      = S * =+..o|
[   14.159724] cloud-init[957]: |       O = E.oo. |
[   14.162403] cloud-init[957]: |      . * O B+=  |         Starting LSB: daemon to balance interrupts for SMP systems...
[[0;32m  OK  [0m] Started LSB: Record successful boot for GRUB.
[[0;32m  OK  [0m] Started Permit User Sessions.

[   14.176238] cloud-init         Starting Hold until boot process finishes up...
         Starting Terminate Plymouth Boot Screen...
[[0;32m  OK  [0m] Started Hold until boot process finishes up.
[[0;32m  OK  [0m] Started Authenticate and Authorize Users to Run Privileged Tasks.
[[0;32m  OK  [0m] Started Accounts Service.
         Starting Set console scheme...
[[0;32m  OK  [0m] Started Serial Getty on ttyS0.
[[0;32m  OK  [0m] Started Getty on tty1.
[[0;32m  OK  [0m] Reached target Login Prompts.
[957]: |       o * *.=.  |
[[0;32m  OK  [0m] Started Terminate Plymouth Boot Screen.
[   14.203195] [[0;32m  OK  [0m] Started LSB: Set the CPU Frequency Scaling governor to "ondemand".
[[0;32m  OK  [0m] Started Set console scheme.
cloud-init[957]: |      ..o ooo oo |
[   14.209896] cloud-init[957]: +----[SHA256]-----+
[[0;32m  OK  [0m] Started LSB: automatic crash report generation.
[   14.222240] cloud-init[957]: Generating public/private ed25519 key pair.
[   14.227174] cloud-init[957]: Your identification has been saved in /etc/ssh/ssh_host_ed25519_key.
[   14.231479] cloud-init[957]: Your public key has been saved in /etc/ssh/ssh_host_ed25519_key.pub.
[   14.235689] cloud-init[957]: The key fingerprint is:
[   14.242571] cloud-init[957]: SHA256:CSZUpeKBlMDx4bzWFOZoayojf1ZsjL5Im48CqsdqAbA root@ubuntu-xenial
[   14.250589] cloud-init[957]: The key's randomart image is:
[   14.251653] cloud-init[957]: +--[ED25519 256]--+
[   14.255911] cloud-init[957]: |oooo.+...        |
[   14.258463] [[0;32m  OK  [0m] Started LSB: daemon to balance interrupts for SMP systems.
cloud-init[957]: |.o=o= ..         |
[   14.261751] cloud-init[957]: |...*+o+          |
[   14.263438] [[0;32m  OK  [0m] Started Virtualbox guest utils.
cloud-init[957]: |E ..== . .       |
[   14.273177] cloud-init[957]: |.  =.=  S        |
[   14.274794] cloud-init[957]: |..+ . =          |
[   14.276624] cloud-init[957]: |*oo. o           |
[   14.278150] cloud-init[957]: |==o=+            |
[   14.280357] cloud-init[957]: |=+*+o.           |
[   14.281668] cloud-init[957]: +----[SHA256]-----+
[[0;32m  OK  [0m] Started Snappy daemon.
         Starting Wait until snapd is fully seeded...
[[0;32m  OK  [0m] Started Pollinate to seed the pseudo random number generator.
         Starting OpenBSD Secure Shell server...
[[0;32m  OK  [0m] Started OpenBSD Secure Shell server.
[[0;32m  OK  [0m] Started Wait until snapd is fully seeded.
         Starting Apply the settings specified in cloud-config...
[[0;32m  OK  [0m] Reached target Multi-User System.
[[0;32m  OK  [0m] Reached target Graphical Interface.
         Starting Update UTMP about System Runlevel Changes...
[[0;32m  OK  [0m] Started Update UTMP about System Runlevel Changes.
[   15.456972] cloud-init[1315]: Generating locales (this might take a while)...
[   16.506400] cloud-init[1315]:   en_US.UTF-8... done
[   16.507563] cloud-init[1315]: Generation complete.
[   16.846258] cloud-init[1315]: Cloud-init v. 19.4-33-gbb4131a2-0ubuntu1~16.04.1 running 'modules:config' at Tue, 31 Mar 2020 08:11:48 +0000. Up 15.32 seconds.
[[0;32m  OK  [0m] Started Apply the settings specified in cloud-config.
         Starting Execute cloud user/final scripts...
ci-info: no authorized SSH keys fingerprints found for user ubuntu.
<14>Mar 31 08:11:50 ec2: 
<14>Mar 31 08:11:50 ec2: #############################################################
<14>Mar 31 08:11:50 ec2: -----BEGIN SSH HOST KEY FINGERPRINTS-----
<14>Mar 31 08:11:50 ec2: 1024 SHA256:qTLYYxyTG27KGsfRqHHaivtPPGqAy42n5lGX2/t+7vo root@ubuntu-xenial (DSA)
<14>Mar 31 08:11:50 ec2: 256 SHA256:w8JzvRxnrLdObcm+g3HwxDcjbLDyw4+J4scN6MH/Anc root@ubuntu-xenial (ECDSA)
<14>Mar 31 08:11:50 ec2: 256 SHA256:CSZUpeKBlMDx4bzWFOZoayojf1ZsjL5Im48CqsdqAbA root@ubuntu-xenial (ED25519)
<14>Mar 31 08:11:50 ec2: 2048 SHA256:L7HO0VrYSjPDvxNXND8YPAdIg6mqqupxLCsIrgAmC9s root@ubuntu-xenial (RSA)
<14>Mar 31 08:11:50 ec2: -----END SSH HOST KEY FINGERPRINTS-----
<14>Mar 31 08:11:50 ec2: #############################################################
-----BEGIN SSH HOST KEY KEYS-----
ecdsa-sha2-nistp256 AAAAE2VjZHNhLXNoYTItbmlzdHAyNTYAAAAIbmlzdHAyNTYAAABBBInwRkgSxiMA4dbkc0r6GE9NEYXQdTh3UOa5ZcGfIFK9GCMqoDEGdRcheHI4YlruAVXzexKn97LF2r94xno4f+k= root@ubuntu-xenial
ssh-ed25519 AAAAC3NzaC1lZDI1NTE5AAAAIAbhg2EIbHWpg6sd00sHwk3DY13+Bz8iUBZ/sczEUINP root@ubuntu-xenial
ssh-rsa AAAAB3NzaC1yc2EAAAADAQABAAABAQCZWPNcfvg56nfpvOy1/fal+C+Ih+WamsNJ63qj+gzYe1Ace8FAshZMQz6OBG2XM1IoydLvZZrRhvMYWq0/JRv27nztlSo8WyjwCvri89PvzlpoLeYPGEenZ/usGX2z0z9bFIruQ76L6/2Gj8vYWjFeAGpTaLDFiAty4FJwUICgKbGKuZxhRgKAH0nXGrO5csG+yCVlR8UeoRIqdJ8JAPLgREYNzy7Yap45GCljM31fymSej0rWDArkSbPYSmPcg7pK/lZgOO6ZPSFWBLAEH1G5J+M8vrtHcWYLAAJmwhblDxxrNMXbEO3FuL8s7dU2n5N+qp87/3co4/supMxwI4K5 root@ubuntu-xenial
-----END SSH HOST KEY KEYS-----
[   17.495209] cloud-init[1358]: Cloud-init v. 19.4-33-gbb4131a2-0ubuntu1~16.04.1 running 'modules:final' at Tue, 31 Mar 2020 08:11:50 +0000. Up 17.30 seconds.
[   17.496938] cloud-init[1358]: ci-info: no authorized SSH keys fingerprints found for user ubuntu.
[   17.504558] cloud-init[1358]: Cloud-init v. 19.4-33-gbb4131a2-0ubuntu1~16.04.1 finished at Tue, 31 Mar 2020 08:11:50 +0000. Datasource DataSourceNoCloud [seed=/dev/sdb][dsmode=net].  Up 17.48 seconds
[[0;32m  OK  [0m] Started Execute cloud user/final scripts.
[[0;32m  OK  [0m] Reached target Cloud-init target.

Ubuntu 16.04.6 LTS ubuntu-xenial ttyS0

ubuntu-xenial login: 